<?xml version="1.0" encoding="UTF-8"?>
<testsuite xmlns:xsi="http://www.w3.org/2001/XMLSchema-instance" xsi:noNamespaceSchemaLocation="https://maven.apache.org/surefire/maven-surefire-plugin/xsd/surefire-test-report.xsd" name="HomeTask2Test" time="0.465" tests="2" errors="2" skipped="0" failures="0">
  <properties>
    <property name="sun.desktop" value="gnome"/>
    <property name="awt.toolkit" value="sun.awt.X11.XToolkit"/>
    <property name="java.specification.version" value="11"/>
    <property name="sun.cpu.isalist" value=""/>
    <property name="sun.jnu.encoding" value="UTF-8"/>
    <property name="java.class.path" value="/home/nikita/NetBeansProjects/HomeWork2/target/test-classes:/home/nikita/NetBeansProjects/HomeWork2/target/classes:/home/nikita/.m2/repository/javax/javaee-web-api/7.0/javaee-web-api-7.0.jar:/home/nikita/.m2/repository/taglibs/standard/1.1.2/standard-1.1.2.jar:/home/nikita/.m2/repository/javax/servlet/jstl/1.2/jstl-1.2.jar:/home/nikita/.m2/repository/com/zaxxer/HikariCP/4.0.3/HikariCP-4.0.3.jar:/home/nikita/.m2/repository/org/slf4j/slf4j-api/2.0.0-alpha1/slf4j-api-2.0.0-alpha1.jar:/home/nikita/.m2/repository/org/postgresql/postgresql/42.2.23/postgresql-42.2.23.jar:/home/nikita/.m2/repository/org/checkerframework/checker-qual/3.5.0/checker-qual-3.5.0.jar:/home/nikita/.m2/repository/org/junit/jupiter/junit-jupiter-engine/5.4.0/junit-jupiter-engine-5.4.0.jar:/home/nikita/.m2/repository/org/apiguardian/apiguardian-api/1.0.0/apiguardian-api-1.0.0.jar:/home/nikita/.m2/repository/org/junit/platform/junit-platform-engine/1.4.0/junit-platform-engine-1.4.0.jar:/home/nikita/.m2/repository/org/opentest4j/opentest4j/1.1.1/opentest4j-1.1.1.jar:/home/nikita/.m2/repository/org/junit/platform/junit-platform-commons/1.4.0/junit-platform-commons-1.4.0.jar:/home/nikita/.m2/repository/org/junit/jupiter/junit-jupiter-api/5.4.0/junit-jupiter-api-5.4.0.jar:/home/nikita/.m2/repository/org/mockito/mockito-core/2.10.0/mockito-core-2.10.0.jar:/home/nikita/.m2/repository/net/bytebuddy/byte-buddy/1.7.4/byte-buddy-1.7.4.jar:/home/nikita/.m2/repository/net/bytebuddy/byte-buddy-agent/1.7.4/byte-buddy-agent-1.7.4.jar:/home/nikita/.m2/repository/org/objenesis/objenesis/2.6/objenesis-2.6.jar:"/>
    <property name="java.vm.vendor" value="Ubuntu"/>
    <property name="sun.arch.data.model" value="64"/>
    <property name="java.vendor.url" value="https://ubuntu.com/"/>
    <property name="user.timezone" value=""/>
    <property name="java.vm.specification.version" value="11"/>
    <property name="os.name" value="Linux"/>
    <property name="user.country" value="US"/>
    <property name="sun.java.launcher" value="SUN_STANDARD"/>
    <property name="sun.boot.library.path" value="/usr/lib/jvm/java-11-openjdk-amd64/lib"/>
    <property name="sun.java.command" value="/home/nikita/NetBeansProjects/HomeWork2/target/surefire/surefirebooter16380233162363049893.jar /home/nikita/NetBeansProjects/HomeWork2/target/surefire 2022-04-16T18-05-52_718-jvmRun1 surefire7306929686284957417tmp surefire_09076044552214217849tmp"/>
    <property name="jdk.debug" value="release"/>
    <property name="surefire.test.class.path" value="/home/nikita/NetBeansProjects/HomeWork2/target/test-classes:/home/nikita/NetBeansProjects/HomeWork2/target/classes:/home/nikita/.m2/repository/javax/javaee-web-api/7.0/javaee-web-api-7.0.jar:/home/nikita/.m2/repository/taglibs/standard/1.1.2/standard-1.1.2.jar:/home/nikita/.m2/repository/javax/servlet/jstl/1.2/jstl-1.2.jar:/home/nikita/.m2/repository/com/zaxxer/HikariCP/4.0.3/HikariCP-4.0.3.jar:/home/nikita/.m2/repository/org/slf4j/slf4j-api/2.0.0-alpha1/slf4j-api-2.0.0-alpha1.jar:/home/nikita/.m2/repository/org/postgresql/postgresql/42.2.23/postgresql-42.2.23.jar:/home/nikita/.m2/repository/org/checkerframework/checker-qual/3.5.0/checker-qual-3.5.0.jar:/home/nikita/.m2/repository/org/junit/jupiter/junit-jupiter-engine/5.4.0/junit-jupiter-engine-5.4.0.jar:/home/nikita/.m2/repository/org/apiguardian/apiguardian-api/1.0.0/apiguardian-api-1.0.0.jar:/home/nikita/.m2/repository/org/junit/platform/junit-platform-engine/1.4.0/junit-platform-engine-1.4.0.jar:/home/nikita/.m2/repository/org/opentest4j/opentest4j/1.1.1/opentest4j-1.1.1.jar:/home/nikita/.m2/repository/org/junit/platform/junit-platform-commons/1.4.0/junit-platform-commons-1.4.0.jar:/home/nikita/.m2/repository/org/junit/jupiter/junit-jupiter-api/5.4.0/junit-jupiter-api-5.4.0.jar:/home/nikita/.m2/repository/org/mockito/mockito-core/2.10.0/mockito-core-2.10.0.jar:/home/nikita/.m2/repository/net/bytebuddy/byte-buddy/1.7.4/byte-buddy-1.7.4.jar:/home/nikita/.m2/repository/net/bytebuddy/byte-buddy-agent/1.7.4/byte-buddy-agent-1.7.4.jar:/home/nikita/.m2/repository/org/objenesis/objenesis/2.6/objenesis-2.6.jar:"/>
    <property name="sun.cpu.endian" value="little"/>
    <property name="user.home" value="/home/nikita"/>
    <property name="user.language" value="en"/>
    <property name="java.specification.vendor" value="Oracle Corporation"/>
    <property name="java.version.date" value="2022-02-08"/>
    <property name="java.home" value="/usr/lib/jvm/java-11-openjdk-amd64"/>
    <property name="file.separator" value="/"/>
    <property name="basedir" value="/home/nikita/NetBeansProjects/HomeWork2"/>
    <property name="java.vm.compressedOopsMode" value="Zero based"/>
    <property name="line.separator" value="&#10;"/>
    <property name="java.specification.name" value="Java Platform API Specification"/>
    <property name="java.vm.specification.vendor" value="Oracle Corporation"/>
    <property name="java.awt.graphicsenv" value="sun.awt.X11GraphicsEnvironment"/>
    <property name="surefire.real.class.path" value="/home/nikita/NetBeansProjects/HomeWork2/target/surefire/surefirebooter16380233162363049893.jar"/>
    <property name="sun.management.compiler" value="HotSpot 64-Bit Tiered Compilers"/>
    <property name="java.runtime.version" value="11.0.14.1+1-Ubuntu-0ubuntu1.20.04"/>
    <property name="user.name" value="nikita"/>
    <property name="path.separator" value=":"/>
    <property name="os.version" value="5.4.0-107-generic"/>
    <property name="java.runtime.name" value="OpenJDK Runtime Environment"/>
    <property name="file.encoding" value="UTF-8"/>
    <property name="java.vm.name" value="OpenJDK 64-Bit Server VM"/>
    <property name="maven.ext.class.path" value="/snap/netbeans/58/netbeans/java/maven-nblib/netbeans-eventspy.jar"/>
    <property name="localRepository" value="/home/nikita/.m2/repository"/>
    <property name="java.vendor.url.bug" value="https://bugs.launchpad.net/ubuntu/+source/openjdk-lts"/>
    <property name="java.io.tmpdir" value="/tmp"/>
    <property name="java.version" value="11.0.14.1"/>
    <property name="user.dir" value="/home/nikita/NetBeansProjects/HomeWork2"/>
    <property name="os.arch" value="amd64"/>
    <property name="java.vm.specification.name" value="Java Virtual Machine Specification"/>
    <property name="java.awt.printerjob" value="sun.print.PSPrinterJob"/>
    <property name="sun.os.patch.level" value="unknown"/>
    <property name="java.library.path" value="/usr/java/packages/lib:/usr/lib/x86_64-linux-gnu/jni:/lib/x86_64-linux-gnu:/usr/lib/x86_64-linux-gnu:/usr/lib/jni:/lib:/usr/lib"/>
    <property name="java.vm.info" value="mixed mode, sharing"/>
    <property name="java.vendor" value="Ubuntu"/>
    <property name="java.vm.version" value="11.0.14.1+1-Ubuntu-0ubuntu1.20.04"/>
    <property name="sun.io.unicode.encoding" value="UnicodeLittle"/>
    <property name="java.class.version" value="55.0"/>
  </properties>
  <testcase name="testBook" classname="HomeTask2Test" time="0.437">
    <error message="&#10;Mockito cannot mock this class: class com.mycompany.bookshop.DAO.Book.&#10;&#10;Mockito can only mock non-private &amp; non-final classes.&#10;If you&apos;re not sure why you&apos;re getting this error, please report to the mailing list.&#10;&#10;&#10;Java               : 11&#10;JVM vendor name    : Ubuntu&#10;JVM vendor version : 11.0.14.1+1-Ubuntu-0ubuntu1.20.04&#10;JVM name           : OpenJDK 64-Bit Server VM&#10;JVM version        : 11.0.14.1+1-Ubuntu-0ubuntu1.20.04&#10;JVM info           : mixed mode, sharing&#10;OS name            : Linux&#10;OS version         : 5.4.0-107-generic&#10;&#10;&#10;Underlying exception : java.lang.UnsupportedOperationException: Cannot define class using reflection" type="org.mockito.exceptions.base.MockitoException"><![CDATA[org.mockito.exceptions.base.MockitoException: 

Mockito cannot mock this class: class com.mycompany.bookshop.DAO.Book.

Mockito can only mock non-private & non-final classes.
If you're not sure why you're getting this error, please report to the mailing list.


Java               : 11
JVM vendor name    : Ubuntu
JVM vendor version : 11.0.14.1+1-Ubuntu-0ubuntu1.20.04
JVM name           : OpenJDK 64-Bit Server VM
JVM version        : 11.0.14.1+1-Ubuntu-0ubuntu1.20.04
JVM info           : mixed mode, sharing
OS name            : Linux
OS version         : 5.4.0-107-generic


Underlying exception : java.lang.UnsupportedOperationException: Cannot define class using reflection
	at HomeTask2Test.testBook(HomeTask2Test.java:38)
Caused by: java.lang.UnsupportedOperationException: Cannot define class using reflection
	at HomeTask2Test.testBook(HomeTask2Test.java:38)
Caused by: java.lang.IllegalArgumentException: Unknown Java version: 11
	at HomeTask2Test.testBook(HomeTask2Test.java:38)
]]></error>
  </testcase>
  <testcase name="testDataSource" classname="HomeTask2Test" time="0.02">
    <error message="&#10;Mockito cannot mock this class: class com.mycompany.bookshop.DataSource.&#10;&#10;Mockito can only mock non-private &amp; non-final classes.&#10;If you&apos;re not sure why you&apos;re getting this error, please report to the mailing list.&#10;&#10;&#10;Java               : 11&#10;JVM vendor name    : Ubuntu&#10;JVM vendor version : 11.0.14.1+1-Ubuntu-0ubuntu1.20.04&#10;JVM name           : OpenJDK 64-Bit Server VM&#10;JVM version        : 11.0.14.1+1-Ubuntu-0ubuntu1.20.04&#10;JVM info           : mixed mode, sharing&#10;OS name            : Linux&#10;OS version         : 5.4.0-107-generic&#10;&#10;&#10;Underlying exception : java.lang.UnsupportedOperationException: Cannot define class using reflection" type="org.mockito.exceptions.base.MockitoException"><![CDATA[org.mockito.exceptions.base.MockitoException: 

Mockito cannot mock this class: class com.mycompany.bookshop.DataSource.

Mockito can only mock non-private & non-final classes.
If you're not sure why you're getting this error, please report to the mailing list.


Java               : 11
JVM vendor name    : Ubuntu
JVM vendor version : 11.0.14.1+1-Ubuntu-0ubuntu1.20.04
JVM name           : OpenJDK 64-Bit Server VM
JVM version        : 11.0.14.1+1-Ubuntu-0ubuntu1.20.04
JVM info           : mixed mode, sharing
OS name            : Linux
OS version         : 5.4.0-107-generic


Underlying exception : java.lang.UnsupportedOperationException: Cannot define class using reflection
	at HomeTask2Test.testDataSource(HomeTask2Test.java:23)
Caused by: java.lang.UnsupportedOperationException: Cannot define class using reflection
	at HomeTask2Test.testDataSource(HomeTask2Test.java:23)
Caused by: java.lang.IllegalArgumentException: Unknown Java version: 11
	at HomeTask2Test.testBook(HomeTask2Test.java:38)
]]></error>
  </testcase>
</testsuite>